14:53:12.015 [http-nio-8080-exec-8] INFO  l.i.p.controller.CustomerController -- Connection Successfully created!
14:53:12.273 [http-nio-8080-exec-8] ERROR l.i.p.controller.CustomerController -- No value specified for parameter 2
14:54:32.300 [http-nio-8080-exec-5] INFO  l.i.p.controller.CustomerController -- Connection Successfully created!
14:54:32.585 [http-nio-8080-exec-5] ERROR l.i.p.controller.CustomerController -- Table 'stuMngJavaEE.Customer' doesn't exist
14:55:36.030 [http-nio-8080-exec-7] INFO  l.i.p.controller.CustomerController -- Connection Successfully created!
14:55:36.257 [http-nio-8080-exec-7] ERROR l.i.p.controller.CustomerController -- Table 'posSystem.Customer' doesn't exist
12:16:47.957 [http-nio-8080-exec-9] INFO  l.i.p.controller.CustomerController -- Connection Successfully created!
12:16:48.661 [http-nio-8080-exec-9] INFO  l.i.p.controller.CustomerController -- Customer Successfully Saved!
12:17:19.946 [http-nio-8080-exec-2] INFO  l.i.p.controller.CustomerController -- Customer Successfully Updated!
12:17:48.636 [http-nio-8080-exec-5] ERROR l.i.p.controller.CustomerController -- Table 'posSystem.Csutomer' doesn't exist
12:19:26.031 [http-nio-8080-exec-2] INFO  l.i.p.controller.CustomerController -- Connection Successfully created!
12:19:26.163 [http-nio-8080-exec-2] INFO  l.i.p.controller.CustomerController -- Rendering All Customers
12:21:47.803 [http-nio-8080-exec-10] INFO  l.i.p.controller.CustomerController -- Connection Successfully created!
12:21:48.043 [http-nio-8080-exec-10] INFO  l.i.p.controller.CustomerController -- Rendering All Customers
12:23:31.551 [http-nio-8080-exec-3] INFO  l.i.p.controller.CustomerController -- Connection Successfully created!
12:23:31.708 [http-nio-8080-exec-3] INFO  l.i.p.controller.CustomerController -- Rendering All Customers
12:25:22.509 [http-nio-8080-exec-4] INFO  l.i.p.controller.CustomerController -- Connection Successfully created!
12:26:05.177 [http-nio-8080-exec-2] INFO  l.i.p.controller.CustomerController -- Connection Successfully created!
12:26:05.399 [http-nio-8080-exec-2] INFO  l.i.p.controller.CustomerController -- Rendering All Customers
12:26:26.551 [http-nio-8080-exec-8] INFO  l.i.p.controller.CustomerController -- Customer Successfully Deleted!
12:27:45.434 [http-nio-8080-exec-12] INFO  l.i.p.controller.CustomerController -- Rendering All Customers
12:31:17.723 [http-nio-8080-exec-15] INFO  l.i.p.controller.CustomerController -- Customer Successfully Saved!
12:31:25.477 [http-nio-8080-exec-16] ERROR l.i.p.controller.CustomerController -- Duplicate entry 'C001' for key 'Customer.PRIMARY'
12:36:31.456 [http-nio-8080-exec-12] INFO  l.i.p.controller.CustomerController -- Customer Successfully Saved!
12:36:51.232 [http-nio-8080-exec-18] INFO  l.i.p.controller.CustomerController -- Rendering All Customers
12:39:23.049 [http-nio-8080-exec-20] ERROR l.i.p.controller.CustomerController -- Customer Not Deleted!
12:47:10.952 [http-nio-8080-exec-14] INFO  l.i.p.controller.CustomerController -- Customer Successfully Saved!
12:48:09.128 [http-nio-8080-exec-11] INFO  l.i.p.controller.ItemController -- Connection Successfully created!
12:48:09.292 [http-nio-8080-exec-11] INFO  l.i.p.controller.ItemController -- Item Successfully Saved!
12:49:00.982 [http-nio-8080-exec-13] ERROR l.i.p.controller.ItemController -- Duplicate entry 'I001' for key 'Item.PRIMARY'
12:49:11.238 [http-nio-8080-exec-19] INFO  l.i.p.controller.ItemController -- Item Successfully Saved!
12:49:57.998 [http-nio-8080-exec-5] INFO  l.i.p.controller.ItemController -- Connection Successfully created!
12:49:58.521 [http-nio-8080-exec-5] ERROR l.i.p.controller.ItemController -- Duplicate entry 'I002' for key 'Item.PRIMARY'
12:50:13.070 [http-nio-8080-exec-7] INFO  l.i.p.controller.ItemController -- Item Successfully Saved!
12:51:49.571 [http-nio-8080-exec-4] INFO  l.i.p.controller.ItemController -- Connection Successfully created!
12:51:50.103 [http-nio-8080-exec-4] INFO  l.i.p.controller.ItemController -- Item Successfully Saved!
12:52:07.629 [http-nio-8080-exec-7] INFO  l.i.p.controller.ItemController -- Item Successfully Saved!
12:52:44.237 [http-nio-8080-exec-10] INFO  l.i.p.controller.ItemController -- Item Successfully Updated!
12:52:58.380 [http-nio-8080-exec-1] INFO  l.i.p.controller.ItemController -- Item Successfully Updated!
12:53:58.634 [http-nio-8080-exec-5] INFO  l.i.p.controller.ItemController -- Connection Successfully created!
12:54:21.954 [http-nio-8080-exec-8] INFO  l.i.p.controller.ItemController -- Item Successfully Deleted!
22:09:37.033 [http-nio-8080-exec-8] INFO  l.i.p.controller.CustomerController -- Connection Successfully created!
22:10:56.722 [http-nio-8080-exec-5] INFO  l.i.p.controller.CustomerController -- Connection Successfully created!
22:19:35.531 [http-nio-8080-exec-5] INFO  l.i.p.controller.CustomerController -- Connection Successfully created!
22:47:24.926 [http-nio-8080-exec-1] INFO  l.i.p.controller.CustomerController -- Connection Successfully created!
22:54:26.990 [http-nio-8080-exec-1] INFO  l.i.p.controller.CustomerController -- Connection Successfully created!
22:57:22.447 [http-nio-8080-exec-6] INFO  l.i.p.controller.CustomerController -- Connection Successfully created!
23:00:18.999 [http-nio-8080-exec-5] INFO  l.i.p.controller.CustomerController -- Connection Successfully created!
23:01:00.014 [http-nio-8080-exec-4] INFO  l.i.p.controller.CustomerController -- Connection Successfully created!
23:01:38.434 [http-nio-8080-exec-5] INFO  l.i.p.controller.CustomerController -- Connection Successfully created!
23:04:45.285 [http-nio-8080-exec-5] INFO  l.i.p.controller.CustomerController -- Connection Successfully created!
23:06:18.397 [http-nio-8080-exec-5] INFO  l.i.p.controller.CustomerController -- Connection Successfully created!
23:08:39.760 [http-nio-8080-exec-4] INFO  l.i.p.controller.CustomerController -- Connection Successfully created!
23:17:42.045 [http-nio-8080-exec-6] INFO  l.i.p.controller.CustomerController -- Connection Successfully created!
23:18:59.797 [http-nio-8080-exec-4] INFO  l.i.p.controller.CustomerController -- Connection Successfully created!
23:19:23.000 [http-nio-8080-exec-5] INFO  l.i.p.controller.CustomerController -- Connection Successfully created!
23:19:23.395 [http-nio-8080-exec-6] ERROR l.i.p.controller.CustomerController -- Duplicate entry 'C001' for key 'Customer.PRIMARY'
23:20:38.505 [http-nio-8080-exec-10] INFO  l.i.p.controller.CustomerController -- Customer Successfully Saved!
